<?xml version="1.0" encoding="UTF-8" ?>
<testsuite tests="2" failures="0" name="com.tuling.test.AgentTest" time="0.018" errors="0" skipped="1">
  <properties>
    <property name="java.runtime.name" value="Java(TM) SE Runtime Environment"/>
    <property name="sun.boot.library.path" value="D:\Jdk\jre\bin"/>
    <property name="java.vm.version" value="25.251-b08"/>
    <property name="java.vm.vendor" value="Oracle Corporation"/>
    <property name="maven.multiModuleProjectDirectory" value="D:\StudyNotes-master\tuling\source\tuling-zookeeper-3\zookeeper-agent"/>
    <property name="java.vendor.url" value="http://java.oracle.com/"/>
    <property name="path.separator" value=";"/>
    <property name="guice.disable.misplaced.annotation.check" value="true"/>
    <property name="java.vm.name" value="Java HotSpot(TM) 64-Bit Server VM"/>
    <property name="file.encoding.pkg" value="sun.io"/>
    <property name="user.script" value=""/>
    <property name="user.country" value="CN"/>
    <property name="sun.java.launcher" value="SUN_STANDARD"/>
    <property name="sun.os.patch.level" value=""/>
    <property name="java.vm.specification.name" value="Java Virtual Machine Specification"/>
    <property name="user.dir" value="D:\StudyNotes-master\tuling\source\tuling-zookeeper-3\zookeeper-agent"/>
    <property name="java.runtime.version" value="1.8.0_251-b08"/>
    <property name="java.awt.graphicsenv" value="sun.awt.Win32GraphicsEnvironment"/>
    <property name="java.endorsed.dirs" value="D:\Jdk\jre\lib\endorsed"/>
    <property name="os.arch" value="amd64"/>
    <property name="java.io.tmpdir" value="C:\Users\jkl\AppData\Local\Temp\"/>
    <property name="line.separator" value="
"/>
    <property name="java.vm.specification.vendor" value="Oracle Corporation"/>
    <property name="user.variant" value=""/>
    <property name="os.name" value="Windows 10"/>
    <property name="maven.ext.class.path" value="D:\IntelliJ IDEA 2020.1.2\plugins\maven\lib\maven-event-listener.jar"/>
    <property name="classworlds.conf" value="D:\MAVEN1\apache-maven-3.6.1\bin\m2.conf"/>
    <property name="sun.jnu.encoding" value="GBK"/>
    <property name="java.library.path" value="D:\Jdk\bin;C:\Windows\Sun\Java\bin;C:\Windows\system32;C:\Windows;D:\softInstall\xshell\;C:\Program Files (x86)\Common Files\Oracle\Java\javapath;D:\oracle\product\11.2.0\dbhome_1\bin;C:\Windows\system32;C:\Windows;C:\Windows\System32\Wbem;C:\Windows\System32\WindowsPowerShell\v1.0\;C:\Program Files (x86)\NVIDIA Corporation\PhysX\Common;D:\MAVEN1\apache-maven-3.6.1\bin;C:\Program Files\Git\cmd;C:\Program Files\nodejs\10.16.0;D:\Program Files (x86)\SecureCRT\;C:\Program Files (x86)\Yarn\bin\;D:\apache-jmeter-5.3\bin\ApacheJMeter.jar;D:\gradle-4.3\bin;D:\JDK1.8\bin;D:\softInstall\zk\bin;C:\Program Files\python\Scripts\;C:\Program Files\python\;C:\Users\jkl\AppData\Local\Microsoft\WindowsApps;C:\Users\jkl\AppData\Roaming\npm;C:\Program Files\Bandizip\;D:\VScode\Microsoft VS Code\bin;C:\Users\jkl\AppData\Local\Yarn\bin;C:\Program Files\JetBrains\PyCharm Community Edition 2020.2.2\bin;;."/>
    <property name="maven.conf" value="D:\MAVEN1\apache-maven-3.6.1/conf"/>
    <property name="java.specification.name" value="Java Platform API Specification"/>
    <property name="java.class.version" value="52.0"/>
    <property name="sun.management.compiler" value="HotSpot 64-Bit Tiered Compilers"/>
    <property name="maven.repo.local" value="D:\MAVEN1\res"/>
    <property name="os.version" value="10.0"/>
    <property name="user.home" value="C:\Users\jkl"/>
    <property name="user.timezone" value="Asia/Shanghai"/>
    <property name="java.awt.printerjob" value="sun.awt.windows.WPrinterJob"/>
    <property name="java.specification.version" value="1.8"/>
    <property name="file.encoding" value="UTF-8"/>
    <property name="user.name" value="jkl"/>
    <property name="java.class.path" value="D:\MAVEN1\apache-maven-3.6.1\boot\plexus-classworlds-2.6.0.jar;D:\IntelliJ IDEA 2020.1.2\lib\idea_rt.jar"/>
    <property name="java.vm.specification.version" value="1.8"/>
    <property name="sun.arch.data.model" value="64"/>
    <property name="java.home" value="D:\Jdk\jre"/>
    <property name="sun.java.command" value="org.codehaus.classworlds.Launcher -Didea.version2020.1.2 -s D:\MAVEN1\apache-maven-3.6.1\conf\settings.xml -Dmaven.repo.local=D:\MAVEN1\res package"/>
    <property name="java.specification.vendor" value="Oracle Corporation"/>
    <property name="user.language" value="zh"/>
    <property name="idea.version2020.1.2" value="true"/>
    <property name="awt.toolkit" value="sun.awt.windows.WToolkit"/>
    <property name="java.vm.info" value="mixed mode"/>
    <property name="java.version" value="1.8.0_251"/>
    <property name="java.ext.dirs" value="D:\Jdk\jre\lib\ext;C:\Windows\Sun\Java\lib\ext"/>
    <property name="sun.boot.class.path" value="D:\Jdk\jre\lib\resources.jar;D:\Jdk\jre\lib\rt.jar;D:\Jdk\jre\lib\sunrsasign.jar;D:\Jdk\jre\lib\jsse.jar;D:\Jdk\jre\lib\jce.jar;D:\Jdk\jre\lib\charsets.jar;D:\Jdk\jre\lib\jfr.jar;D:\Jdk\jre\classes"/>
    <property name="java.vendor" value="Oracle Corporation"/>
    <property name="maven.home" value="D:\MAVEN1\apache-maven-3.6.1"/>
    <property name="file.separator" value="\"/>
    <property name="java.vendor.url.bug" value="http://bugreport.sun.com/bugreport/"/>
    <property name="sun.cpu.endian" value="little"/>
    <property name="sun.io.unicode.encoding" value="UnicodeLittle"/>
    <property name="sun.desktop" value="windows"/>
    <property name="sun.cpu.isalist" value="amd64"/>
  </properties>
  <testcase classname="com.tuling.test.AgentTest" name="test01" time="0.009"/>
  <testcase classname="com.tuling.test.AgentTest" name="initTest" time="0.009">
    <skipped/>
  </testcase>
</testsuite>